<?xml version="1.0" encoding="UTF-8"?>
<!-- Generated by org.testng.reporters.JUnitReportReporter -->
<testsuite hostname="DESKTOP-SJN3UA7" failures="0" tests="1" name="com.qa.testScript.Example_001" time="2.316" errors="0" timestamp="2021-09-17T19:30:01 IST" skipped="0">
  <testcase classname="com.qa.testScript.Example_001" name="Recruitment" time="2.316"/>
  <system-out/>
</testsuite> <!-- com.qa.testScript.Example_001 -->
