<?xml version="1.0" encoding="UTF-8"?>
<!-- Generated by org.testng.reporters.JUnitReportReporter -->
<testsuite hostname="DESKTOP-SJN3UA7" failures="0" tests="2" name="com.qa.testScript.TC_OrangeHrm_011" time="41.632" errors="0" timestamp="2021-09-20T11:02:16 IST" skipped="0">
  <testcase classname="com.qa.testScript.TC_OrangeHrm_011" name="addEmployee" time="21.641"/>
  <system-out>
PIM module page is displayed AddEmployee page is displayed First Name is entered Last Name is entered Checkbox is selected and Login credentials are entered Employee is saved and personal information page is displayed  </system-out>
  <testcase classname="com.qa.testScript.TC_OrangeHrm_011" name="getEmployeeRecord" time="19.991"/>
  <system-out>
PIM module page is displayed EmployeeList page is displayed Employee Name is entered Employee Record is found Employee Record :Id First (& Middle) Name Last Name Job Title Employment Status Sub Unit Supervisor
0259 Kim Smith  </system-out>
</testsuite> <!-- com.qa.testScript.TC_OrangeHrm_011 -->
