<?xml version="1.0" encoding="UTF-8"?>
<!-- Generated by org.testng.reporters.JUnitReportReporter -->
<testsuite hostname="DESKTOP-SJN3UA7" failures="0" tests="1" name="com.qa.testScript.TC_OrangeHrm_002" time="19.804" errors="0" timestamp="2021-09-19T18:55:59 IST" skipped="0">
  <testcase classname="com.qa.testScript.TC_OrangeHrm_002" name="addCustomer" time="19.804"/>
  <system-out>
Candidate added and Updated his Status  </system-out>
</testsuite> <!-- com.qa.testScript.TC_OrangeHrm_002 -->
