<?xml version="1.0" encoding="UTF-8"?>
<!-- Generated by org.testng.reporters.JUnitReportReporter -->
<testsuite hostname="DESKTOP-SJN3UA7" failures="0" tests="1" name="com.qa.testScript.TC_OrangeHrm_003" time="22.878" errors="0" timestamp="2021-09-20T11:02:16 IST" skipped="0">
  <testcase classname="com.qa.testScript.TC_OrangeHrm_003" name="addqualification" time="22.878"/>
  <system-out/>
</testsuite> <!-- com.qa.testScript.TC_OrangeHrm_003 -->
