<?xml version="1.0" encoding="UTF-8"?>
<!-- Generated by org.testng.reporters.JUnitReportReporter -->
<testsuite hostname="DESKTOP-PP5L8QA" failures="0" tests="1" name="com.qa.testScript.Example_001" time="31.885" errors="0" timestamp="2021-09-18T21:37:35 IST" skipped="0">
  <testcase classname="com.qa.testScript.Example_001" name="Recruitment" time="31.885"/>
  <system-out/>
</testsuite> <!-- com.qa.testScript.Example_001 -->
