<?xml version="1.0" encoding="UTF-8"?>
<!-- Generated by org.testng.reporters.JUnitReportReporter -->
<testsuite hostname="DESKTOP-I12RG3K" failures="0" tests="1" name="com.qa.testScript.Example_001" time="2.658" errors="0" timestamp="2021-09-18T23:49:35 IST" skipped="0">
  <testcase classname="com.qa.testScript.Example_001" name="Recruitment" time="2.658"/>
  <system-out/>
</testsuite> <!-- com.qa.testScript.Example_001 -->
