<?xml version="1.0" encoding="UTF-8"?>
<!-- Generated by org.testng.reporters.JUnitReportReporter -->
<<<<<<< HEAD
<testsuite hostname="DESKTOP-SJN3UA7" failures="0" tests="1" name="com.qa.testScript.Example_001" time="17.341" errors="0" timestamp="2021-09-19T15:45:12 IST" skipped="0">
  <testcase classname="com.qa.testScript.Example_001" name="Recruitment" time="17.341"/>
=======
<testsuite hostname="DESKTOP-PP5L8QA" failures="0" tests="1" name="com.qa.testScript.Example_001" time="31.885" errors="0" timestamp="2021-09-18T21:37:35 IST" skipped="0">
  <testcase classname="com.qa.testScript.Example_001" name="Recruitment" time="31.885"/>
>>>>>>> 23c6714606cf841921cd75843afb645abc8889fa
  <system-out/>
</testsuite> <!-- com.qa.testScript.Example_001 -->
