<?xml version="1.0" encoding="UTF-8"?>
<!-- Generated by org.testng.reporters.JUnitReportReporter -->
<testsuite hostname="DESKTOP-SJN3UA7" failures="0" tests="1" name="com.qa.testScript.TC_OrangeHrm_006" time="16.172" errors="0" timestamp="2021-09-20T08:54:04 IST" skipped="0">
  <testcase classname="com.qa.testScript.TC_OrangeHrm_006" name="leave_list" time="16.172"/>
  <system-out/>
</testsuite> <!-- com.qa.testScript.TC_OrangeHrm_006 -->
