<?xml version="1.0" encoding="UTF-8"?>
<!-- Generated by org.testng.reporters.JUnitReportReporter -->
<testsuite hostname="DESKTOP-SJN3UA7" failures="0" tests="1" name="com.qa.testScript.TC_OrangeHrm_001" time="16.797" errors="0" timestamp="2021-09-19T20:48:04 IST" skipped="0">
  <testcase classname="com.qa.testScript.TC_OrangeHrm_001" name="Recruitment" time="16.797"/>
  <system-out>
Acurate search result appeared  </system-out>
</testsuite> <!-- com.qa.testScript.TC_OrangeHrm_001 -->
