<?xml version="1.0" encoding="UTF-8"?>
<!-- Generated by org.testng.reporters.JUnitReportReporter -->
<testsuite hostname="DESKTOP-SJN3UA7" failures="0" tests="1" name="com.qa.testScript.TC_OrangeHrm_007" time="14.951" errors="0" timestamp="2021-09-19T20:48:04 IST" skipped="0">
  <testcase classname="com.qa.testScript.TC_OrangeHrm_007" name="system_user" time="14.951"/>
  <system-out/>
</testsuite> <!-- com.qa.testScript.TC_OrangeHrm_007 -->
