<?xml version="1.0" encoding="UTF-8"?>
<!-- Generated by org.testng.reporters.JUnitReportReporter -->
<testsuite hostname="DESKTOP-PP5L8QA" failures="0" tests="2" name="com.qa.testScript.TC_OrangeHrm_011" time="50.487" errors="0" timestamp="2021-09-19T14:46:24 IST" skipped="0">
  <testcase classname="com.qa.testScript.TC_OrangeHrm_011" name="addEmployee" time="27.577"/>
  <system-out>
First Name entered Last Name entered UserName entered Password entered ConfirmPassword entered Employee is saved and personal information page is displayed  </system-out>
  <testcase classname="com.qa.testScript.TC_OrangeHrm_011" name="getEmployeeRecord" time="22.910"/>
  <system-out>
Employee Name is entered Employee is found Employee Record :Id First (& Middle) Name Last Name Job Title Employment Status Sub Unit Supervisor
0259 Kim Smith  </system-out>
</testsuite> <!-- com.qa.testScript.TC_OrangeHrm_011 -->
