<?xml version="1.0" encoding="UTF-8"?>
<!-- Generated by org.testng.reporters.JUnitReportReporter -->
<testsuite hostname="DESKTOP-I12RG3K" failures="0" tests="1" name="com.qa.testScript.TC_ASSIGNLEAVE_001" time="11.265" errors="0" timestamp="2021-09-19T13:14:30 IST" skipped="0">
  <testcase classname="com.qa.testScript.TC_ASSIGNLEAVE_001" name="add_leave" time="11.265"/>
  <system-out/>
</testsuite> <!-- com.qa.testScript.TC_ASSIGNLEAVE_001 -->
