<?xml version="1.0" encoding="UTF-8"?>
<!-- Generated by org.testng.reporters.JUnitReportReporter -->
<testsuite hostname="DESKTOP-SJN3UA7" failures="0" tests="1" name="com.qa.testScript.TC_OrangeHrm_008" time="32.335" errors="0" timestamp="2021-09-19T20:10:16 IST" skipped="0">
  <testcase classname="com.qa.testScript.TC_OrangeHrm_008" name="user_add" time="32.335"/>
  <system-out/>
</testsuite> <!-- com.qa.testScript.TC_OrangeHrm_008 -->
