<?xml version="1.0" encoding="UTF-8"?>
<!-- Generated by org.testng.reporters.JUnitReportReporter -->
<testsuite hostname="DESKTOP-SJN3UA7" failures="0" tests="1" name="com.qa.testScript.Example_001" time="17.341" errors="0" timestamp="2021-09-19T15:45:12 IST" skipped="0">
  <testcase classname="com.qa.testScript.Example_001" name="Recruitment" time="17.341"/>
  <system-out/>
</testsuite> <!-- com.qa.testScript.Example_001 -->
