<?xml version="1.0" encoding="UTF-8"?>
<!-- Generated by org.testng.reporters.JUnitReportReporter -->
<testsuite hostname="DESKTOP-PP5L8QA" failures="0" tests="2" name="com.qa.testScript.TC_AddEmployee_001" time="54.718" errors="0" timestamp="2021-09-19T14:17:29 IST" skipped="0">
  <testcase classname="com.qa.testScript.TC_AddEmployee_001" name="addEmployee" time="31.949"/>
  <system-out>
First Name entered Last Name entered UserName entered Password entered ConfirmPassword entered Employee is saved and personal information page is displayed  </system-out>
  <testcase classname="com.qa.testScript.TC_AddEmployee_001" name="getEmployeeRecord" time="22.769"/>
  <system-out>
Employee Name is entered Employee is found Employee Record :Id First (& Middle) Name Last Name Job Title Employment Status Sub Unit Supervisor
0296 Kim Smith  </system-out>
</testsuite> <!-- com.qa.testScript.TC_AddEmployee_001 -->
