<?xml version="1.0" encoding="UTF-8"?>
<!-- Generated by org.testng.reporters.JUnitReportReporter -->
<testsuite hostname="DESKTOP-SJN3UA7" failures="0" tests="1" name="com.qa.testScript.TC_LEAVELIST_002" time="13.822" errors="0" timestamp="2021-09-20T08:48:24 IST" skipped="0">
  <testcase classname="com.qa.testScript.TC_LEAVELIST_002" name="leave_list" time="13.822"/>
  <system-out/>
</testsuite> <!-- com.qa.testScript.TC_LEAVELIST_002 -->
